<?xml version="1.0" encoding="UTF-8"?>
<testsuite xmlns:xsi="http://www.w3.org/2001/XMLSchema-instance" xsi:noNamespaceSchemaLocation="https://maven.apache.org/surefire/maven-surefire-plugin/xsd/surefire-test-report-3.0.xsd" version="3.0" name="com.xiangmuguanli.XiangmuguanliApplicationTests" time="1.854" tests="1" errors="0" skipped="0" failures="0">
  <properties>
[...]
</properties>
  <testcase name="contextLoads" classname="com.xiangmuguanli.XiangmuguanliApplicationTests" time="0.004">
    <system-out><![CDATA[2026-06-18T14:27:25.478+08:00  INFO 24088 --- [xiangmuguanli] [           main] t.c.s.AnnotationConfigContextLoaderUtils : Could not detect default configuration classes for test class [com.xiangmuguanli.XiangmuguanliApplicationTests]: XiangmuguanliApplicationTests does not declare any static, non-private, non-final, nested classes annotated with @Configuration.
2026-06-18T14:27:25.490+08:00  INFO 24088 --- [xiangmuguanli] [           main] .b.t.c.SpringBootTestContextBootstrapper : Found @SpringBootConfiguration com.xiangmuguanli.XiangmuguanliApplication for test class com.xiangmuguanli.XiangmuguanliApplicationTests

  .   ____          _            __ _ _
 /\\ / ___'_ __ _ _(_)_ __  __ _ \ \ \ \
( ( )\___ | '_ | '_| | '_ \/ _` | \ \ \ \
 \\/  ___)| |_)| | | | | || (_| |  ) ) ) )
  '  |____| .__|_| |_|_| |_\__, | / / / /
 =========|_|==============|___/=/_/_/_/
 :: Spring Boot ::                (v3.2.5)

2026-06-18T14:27:25.520+08:00  INFO 24088 --- [xiangmuguanli] [           main] c.x.XiangmuguanliApplicationTests        : Starting XiangmuguanliApplicationTests using Java 17.0.19 with PID 24088 (started by Administrator in D:\AIcode\xiangmuguanli\backend-spring)
2026-06-18T14:27:25.521+08:00 DEBUG 24088 --- [xiangmuguanli] [           main] c.x.XiangmuguanliApplicationTests        : Running with Spring Boot v3.2.5, Spring v6.1.6
2026-06-18T14:27:25.521+08:00  INFO 24088 --- [xiangmuguanli] [           main] c.x.XiangmuguanliApplicationTests        : The following 1 profile is active: "test"
2026-06-18T14:27:25.734+08:00  INFO 24088 --- [xiangmuguanli] [           main] .s.d.r.c.RepositoryConfigurationDelegate : Bootstrapping Spring Data JPA repositories in DEFAULT mode.
2026-06-18T14:27:25.767+08:00  INFO 24088 --- [xiangmuguanli] [           main] .s.d.r.c.RepositoryConfigurationDelegate : Finished Spring Data repository scanning in 33 ms. Found 18 JPA repository interfaces.
2026-06-18T14:27:25.867+08:00  INFO 24088 --- [xiangmuguanli] [           main] o.hibernate.jpa.internal.util.LogHelper  : HHH000204: Processing PersistenceUnitInfo [name: default]
2026-06-18T14:27:25.869+08:00  INFO 24088 --- [xiangmuguanli] [           main] o.h.c.internal.RegionFactoryInitiator    : HHH000026: Second-level cache disabled
2026-06-18T14:27:25.873+08:00  INFO 24088 --- [xiangmuguanli] [           main] o.s.o.j.p.SpringPersistenceUnitInfo      : No LoadTimeWeaver setup: ignoring JPA class transformer
2026-06-18T14:27:25.873+08:00  INFO 24088 --- [xiangmuguanli] [           main] com.zaxxer.hikari.HikariDataSource       : HikariPool-2 - Starting...
2026-06-18T14:27:26.097+08:00  INFO 24088 --- [xiangmuguanli] [           main] com.zaxxer.hikari.pool.HikariPool        : HikariPool-2 - Added connection conn0: url=jdbc:h2:mem:testdb user=SA
2026-06-18T14:27:26.097+08:00  INFO 24088 --- [xiangmuguanli] [           main] com.zaxxer.hikari.HikariDataSource       : HikariPool-2 - Start completed.
2026-06-18T14:27:26.101+08:00  WARN 24088 --- [xiangmuguanli] [           main] org.hibernate.orm.deprecation            : HHH90000025: H2Dialect does not need to be specified explicitly using 'hibernate.dialect' (remove the property setting and it will be selected by default)
2026-06-18T14:27:26.365+08:00  INFO 24088 --- [xiangmuguanli] [           main] o.h.e.t.j.p.i.JtaPlatformInitiator       : HHH000489: No JTA platform available (set 'hibernate.transaction.jta.platform' to enable JTA platform integration)
Hibernate: 
    drop table if exists activities cascade 
Hibernate: 
    drop table if exists alerts cascade 
Hibernate: 
    drop table if exists comments cascade 
Hibernate: 
    drop table if exists events cascade 
Hibernate: 
    drop table if exists files cascade 
Hibernate: 
    drop table if exists login_logs cascade 
Hibernate: 
    drop table if exists milestones cascade 
Hibernate: 
    drop table if exists notifications cascade 
Hibernate: 
    drop table if exists project_members cascade 
Hibernate: 
    drop table if exists projects cascade 
Hibernate: 
    drop table if exists roles cascade 
Hibernate: 
    drop table if exists task_dependencies cascade 
Hibernate: 
    drop table if exists tasks cascade 
Hibernate: 
    drop table if exists token_blacklists cascade 
Hibernate: 
    drop table if exists user_bindings cascade 
Hibernate: 
    drop table if exists user_roles cascade 
Hibernate: 
    drop table if exists users cascade 
Hibernate: 
    drop table if exists work_hours cascade 
Hibernate: 
    create table activities (
        created_at timestamp(6),
        entity_id bigint,
        id bigint generated by default as identity,
        project_id bigint,
        updated_at timestamp(6),
        user_id bigint not null,
        action varchar(255) not null,
        entity_type varchar(255) not null,
        metadata TEXT,
        primary key (id)
    )
Hibernate: 
    create table alerts (
        resolved boolean not null,
        created_at timestamp(6),
        id bigint generated by default as identity,
        target_id bigint,
        updated_at timestamp(6),
        user_id bigint,
        message TEXT not null,
        metadata TEXT,
        severity varchar(255) not null check (severity in ('LOW','MEDIUM','HIGH','CRITICAL')),
        target_type varchar(255),
        type varchar(255) not null check (type in ('LOGIN_FAILURE','SUSPICIOUS_ACTIVITY','PERMISSION_DENIED')),
        primary key (id)
    )
Hibernate: 
    create table comments (
        created_at timestamp(6),
        entity_id bigint not null,
        id bigint generated by default as identity,
        parent_id bigint,
        updated_at timestamp(6),
        user_id bigint not null,
        content TEXT not null,
        entity_type varchar(255) not null,
        mentions VARCHAR(500),
        primary key (id)
    )
Hibernate: 
    create table events (
        all_day boolean,
        reminder_minutes integer,
        created_at timestamp(6),
        end_time timestamp(6) not null,
        id bigint generated by default as identity,
        project_id bigint,
        start_time timestamp(6) not null,
        task_id bigint,
        updated_at timestamp(6),
        user_id bigint not null,
        description TEXT,
        location varchar(255),
        repeat_rule varchar(255),
        title varchar(255) not null,
        primary key (id)
    )
Hibernate: 
    create table files (
        created_at timestamp(6),
        id bigint generated by default as identity,
        project_id bigint,
        size bigint not null,
        task_id bigint,
        updated_at timestamp(6),
        uploaded_by bigint not null,
        entity varchar(255) not null,
        name varchar(255) not null,
        path varchar(255) not null,
        type varchar(255) not null,
        primary key (id)
    )
Hibernate: 
    create table login_logs (
        success boolean not null,
        created_at timestamp(6),
        id bigint generated by default as identity,
        updated_at timestamp(6),
        user_id bigint not null,
        device varchar(255),
        ip varchar(255),
        platform varchar(255),
        primary key (id)
    )
Hibernate: 
    create table milestones (
        due_date date not null,
        order_index integer,
        created_at timestamp(6),
        id bigint generated by default as identity,
        project_id bigint not null,
        updated_at timestamp(6),
        description TEXT,
        name varchar(255) not null,
        status varchar(255) check (status in ('PENDING','COMPLETED')),
        primary key (id)
    )
Hibernate: 
    create table notifications (
        is_read boolean,
        created_at timestamp(6),
        entity_id bigint,
        id bigint generated by default as identity,
        user_id bigint not null,
        content TEXT not null,
        entity_type varchar(255),
        title varchar(255) not null,
        type varchar(255) not null,
        primary key (id)
    )
Hibernate: 
    create table project_members (
        created_at timestamp(6),
        id bigint generated by default as identity,
        joined_at timestamp(6),
        project_id bigint not null,
        updated_at timestamp(6),
        user_id bigint not null,
        role varchar(255) check (role in ('OWNER','ADMIN','MEMBER','VIEWER')),
        primary key (id),
        unique (project_id, user_id)
    )
Hibernate: 
    create table projects (
        budget numeric(15,2),
        end_date date,
        start_date date,
        created_at timestamp(6),
        id bigint generated by default as identity,
        owner_id bigint not null,
        updated_at timestamp(6),
        code varchar(255) not null unique,
        description TEXT,
        name varchar(255) not null,
        priority varchar(255) check (priority in ('HIGH','MEDIUM','LOW')),
        remarks TEXT,
        status varchar(255) check (status in ('ACTIVE','ARCHIVED','DELETED')),
        primary key (id)
    )
Hibernate: 
    create table roles (
        created_at timestamp(6),
        id bigint generated by default as identity,
        updated_at timestamp(6),
        description TEXT,
        name varchar(255) not null unique,
        permissions TEXT not null,
        primary key (id)
    )
Hibernate: 
    create table task_dependencies (
        created_at timestamp(6),
        depend_task_id bigint not null,
        id bigint generated by default as identity,
        task_id bigint not null,
        updated_at timestamp(6),
        primary key (id)
    )
Hibernate: 
    create table tasks (
        due_date date,
        priority integer,
        sort_order integer,
        start_date date,
        assigned_to bigint,
        created_at timestamp(6),
        created_by bigint not null,
        id bigint generated by default as identity,
        parent_id bigint,
        project_id bigint not null,
        updated_at timestamp(6),
        attachments TEXT,
        description TEXT,
        status varchar(255) check (status in ('TODO','DOING','DONE','ARCHIVED')),
        tags VARCHAR(500),
        title varchar(255) not null,
        primary key (id)
    )
Hibernate: 
    create table token_blacklists (
        created_at timestamp(6),
        expire_time timestamp(6) not null,
        id bigint generated by default as identity,
        updated_at timestamp(6),
        user_id bigint not null,
        token varchar(2048) not null,
        primary key (id)
    )
Hibernate: 
    create table user_bindings (
        created_at timestamp(6),
        id bigint generated by default as identity,
        updated_at timestamp(6),
        user_id bigint not null,
        avatar varchar(255),
        nickname varchar(255),
        open_id varchar(255) not null,
        platform varchar(255) not null check (platform in ('WECHAT','DINGTALK')),
        union_id varchar(255),
        primary key (id),
        unique (platform, open_id)
    )
Hibernate: 
    create table user_roles (
        created_at timestamp(6),
        id bigint generated by default as identity,
        project_id bigint,
        role_id bigint not null,
        updated_at timestamp(6),
        user_id bigint not null,
        primary key (id)
    )
Hibernate: 
    create table users (
        is_admin boolean,
        created_at timestamp(6),
        id bigint generated by default as identity,
        updated_at timestamp(6),
        avatar varchar(255),
        email varchar(255) unique,
        name varchar(255) not null,
        password varchar(255),
        phone varchar(255),
        status varchar(255) check (status in ('ACTIVE','INACTIVE','DELETED')),
        username varchar(255) unique,
        primary key (id)
    )
Hibernate: 
    create table work_hours (
        date date not null,
        hours numeric(5,2) not null,
        created_at timestamp(6),
        id bigint generated by default as identity,
        project_id bigint,
        task_id bigint,
        updated_at timestamp(6),
        user_id bigint not null,
        description TEXT,
        primary key (id)
    )
Hibernate: 
    create index idx_activity_project 
       on activities (project_id)
Hibernate: 
    create index idx_activity_user 
       on activities (user_id)
Hibernate: 
    create index idx_activity_created 
       on activities (created_at)
Hibernate: 
    create index idx_alert_type_created 
       on alerts (type, created_at)
Hibernate: 
    create index idx_alert_resolved_created 
       on alerts (resolved, created_at)
Hibernate: 
    create index idx_comment_entity 
       on comments (entity_type, entity_id)
Hibernate: 
    create index idx_event_user_time 
       on events (user_id, start_time)
Hibernate: 
    create index idx_file_task 
       on files (task_id)
Hibernate: 
    create index idx_file_project 
       on files (project_id)
Hibernate: 
    create index idx_loginlog_user 
       on login_logs (user_id)
Hibernate: 
    create index idx_loginlog_created 
       on login_logs (created_at)
Hibernate: 
    create index idx_notif_user 
       on notifications (user_id)
Hibernate: 
    create index idx_notif_read 
       on notifications (user_id, is_read)
Hibernate: 
    create index idx_notif_created 
       on notifications (created_at)
Hibernate: 
    create index idx_dep_task 
       on task_dependencies (task_id)
Hibernate: 
    create index idx_dep_depend 
       on task_dependencies (depend_task_id)
Hibernate: 
    create index idx_task_project 
       on tasks (project_id)
Hibernate: 
    create index idx_task_assignee 
       on tasks (assigned_to)
Hibernate: 
    create index idx_task_status 
       on tasks (status)
Hibernate: 
    create index idx_task_due_date 
       on tasks (due_date)
Hibernate: 
    create index idx_task_parent 
       on tasks (parent_id)
Hibernate: 
    create index idx_task_sort 
       on tasks (sort_order)
Hibernate: 
    create index idx_token_expire 
       on token_blacklists (expire_time)
Hibernate: 
    create index idx_token_user 
       on token_blacklists (user_id)
Hibernate: 
    create index idx_workhour_user_date 
       on work_hours (user_id, date)
Hibernate: 
    create index idx_workhour_project 
       on work_hours (project_id)
Hibernate: 
    alter table if exists activities 
       add constraint FKsp1gle1x16hi1viq0vjx26hmf 
       foreign key (project_id) 
       references projects
Hibernate: 
    alter table if exists activities 
       add constraint FKq6cjukylkgxdjkm9npk9va2f2 
       foreign key (user_id) 
       references users
Hibernate: 
    alter table if exists alerts 
       add constraint FKqx4kjyy8qmc38cpa1pj5gp74i 
       foreign key (user_id) 
       references users
Hibernate: 
    alter table if exists comments 
       add constraint FKlri30okf66phtcgbe5pok7cc0 
       foreign key (parent_id) 
       references comments
Hibernate: 
    alter table if exists comments 
       add constraint FK8omq0tc18jd43bu5tjh6jvraq 
       foreign key (user_id) 
       references users
Hibernate: 
    alter table if exists events 
       add constraint FKccfs1y85nru2df6x7pi8bk77n 
       foreign key (project_id) 
       references projects
Hibernate: 
    alter table if exists events 
       add constraint FKc8skqgaifjtrpsaolcolcy3c1 
       foreign key (task_id) 
       references tasks
Hibernate: 
    alter table if exists events 
       add constraint FKat8p3s7yjcp57lny4udqvqncq 
       foreign key (user_id) 
       references users
Hibernate: 
    alter table if exists files 
       add constraint FKncpjdlvw4479eu6qnh5a4fo9t 
       foreign key (project_id) 
       references projects
Hibernate: 
    alter table if exists files 
       add constraint FKbf6pb5mdsgg5if1g0d2yikpjb 
       foreign key (task_id) 
       references tasks
Hibernate: 
    alter table if exists files 
       add constraint FKofr64lki8xvlsgrjsb84wlj8t 
       foreign key (uploaded_by) 
       references users
Hibernate: 
    alter table if exists login_logs 
       add constraint FK6bgjhgih3ewicdsp98bkq3wtl 
       foreign key (user_id) 
       references users
Hibernate: 
    alter table if exists milestones 
       add constraint FK2a7fp7wfu0qc1pq3wiifbksge 
       foreign key (project_id) 
       references projects
Hibernate: 
    alter table if exists notifications 
       add constraint FK9y21adhxn0ayjhfocscqox7bh 
       foreign key (user_id) 
       references users
Hibernate: 
    alter table if exists project_members 
       add constraint FKdki1sp2homqsdcvqm9yrix31g 
       foreign key (project_id) 
       references projects
Hibernate: 
    alter table if exists project_members 
       add constraint FKgul2el0qjk5lsvig3wgajwm77 
       foreign key (user_id) 
       references users
Hibernate: 
    alter table if exists projects 
       add constraint FKmueqy6cpcwpfl8gnnag4idjt9 
       foreign key (owner_id) 
       references users
Hibernate: 
    alter table if exists task_dependencies 
       add constraint FKmrucfomfg370okirwgww7pr90 
       foreign key (depend_task_id) 
       references tasks
Hibernate: 
    alter table if exists task_dependencies 
       add constraint FKerlktvi2bud6uauih348u0loj 
       foreign key (task_id) 
       references tasks
Hibernate: 
    alter table if exists tasks 
       add constraint FK2vjo8mbre3rvpbd6e7976b54m 
       foreign key (assigned_to) 
       references users
Hibernate: 
    alter table if exists tasks 
       add constraint FK9dgm9t7wn4w3gh57h63g712lo 
       foreign key (created_by) 
       references users
Hibernate: 
    alter table if exists tasks 
       add constraint FKmhda52toac2weso6474wmldtn 
       foreign key (parent_id) 
       references tasks
Hibernate: 
    alter table if exists tasks 
       add constraint FKsfhn82y57i3k9uxww1s007acc 
       foreign key (project_id) 
       references projects
Hibernate: 
    alter table if exists token_blacklists 
       add constraint FKdyrwukj681yyqj2jmof4qh6cx 
       foreign key (user_id) 
       references users
Hibernate: 
    alter table if exists user_bindings 
       add constraint FK6f51kcb41lbmojw3q0gy6sjnx 
       foreign key (user_id) 
       references users
Hibernate: 
    alter table if exists user_roles 
       add constraint FKrvpcrfrbttr8wagfcc095pi13 
       foreign key (project_id) 
       references projects
Hibernate: 
    alter table if exists user_roles 
       add constraint FKh8ciramu9cc9q3qcqiv4ue8a6 
       foreign key (role_id) 
       references roles
Hibernate: 
    alter table if exists user_roles 
       add constraint FKhfh9dx7w3ubf1co1vdev94g3f 
       foreign key (user_id) 
       references users
Hibernate: 
    alter table if exists work_hours 
       add constraint FK563r7hjhtkhereskfnn6c0g0u 
       foreign key (project_id) 
       references projects
Hibernate: 
    alter table if exists work_hours 
       add constraint FK5gyuto4wpj7y4uf8h59y70trj 
       foreign key (task_id) 
       references tasks
Hibernate: 
    alter table if exists work_hours 
       add constraint FK4nuho3rp34refpsyl8i4o74d7 
       foreign key (user_id) 
       references users
2026-06-18T14:27:26.461+08:00  INFO 24088 --- [xiangmuguanli] [           main] j.LocalContainerEntityManagerFactoryBean : Initialized JPA EntityManagerFactory for persistence unit 'default'
2026-06-18T14:27:26.904+08:00  WARN 24088 --- [xiangmuguanli] [           main] JpaBaseConfiguration$JpaWebConfiguration : spring.jpa.open-in-view is enabled by default. Therefore, database queries may be performed during view rendering. Explicitly configure spring.jpa.open-in-view to disable this warning
2026-06-18T14:27:27.008+08:00  INFO 24088 --- [xiangmuguanli] [           main] o.s.s.web.DefaultSecurityFilterChain     : Will secure any request with [org.springframework.security.web.session.DisableEncodeUrlFilter@5aaa3740, org.springframework.security.web.context.request.async.WebAsyncManagerIntegrationFilter@507a3fee, org.springframework.security.web.context.SecurityContextHolderFilter@29ceef5c, org.springframework.security.web.header.HeaderWriterFilter@33df44cd, org.springframework.web.filter.CorsFilter@762618bb, org.springframework.security.web.authentication.logout.LogoutFilter@1493c922, com.xiangmuguanli.security.JwtAuthenticationFilter@27a4a890, org.springframework.security.web.savedrequest.RequestCacheAwareFilter@4844ce38, org.springframework.security.web.servletapi.SecurityContextHolderAwareRequestFilter@1f402d1, org.springframework.security.web.authentication.AnonymousAuthenticationFilter@6d0ba9b7, org.springframework.security.web.session.SessionManagementFilter@25bdcf6e, org.springframework.security.web.access.ExceptionTranslationFilter@7f93df12, org.springframework.security.web.access.intercept.AuthorizationFilter@5b8b8794]
2026-06-18T14:27:27.123+08:00  INFO 24088 --- [xiangmuguanli] [           main] c.x.XiangmuguanliApplicationTests        : Started XiangmuguanliApplicationTests in 1.628 seconds (process running for 13.686)
Hibernate: 
    select
        u1_0.id,
        u1_0.avatar,
        u1_0.created_at,
        u1_0.email,
        u1_0.is_admin,
        u1_0.name,
        u1_0.password,
        u1_0.phone,
        u1_0.status,
        u1_0.updated_at,
        u1_0.username 
    from
        users u1_0 
    where
        u1_0.username=?
Hibernate: 
    insert 
    into
        users
        (avatar, created_at, email, is_admin, name, password, phone, status, updated_at, username, id) 
    values
        (?, ?, ?, ?, ?, ?, ?, ?, ?, ?, default)
2026-06-18T14:27:27.250+08:00  INFO 24088 --- [xiangmuguanli] [           main] c.xiangmuguanli.config.DataInitializer   : Default admin user created: admin / admin123
Hibernate: 
    select
        u1_0.id,
        u1_0.avatar,
        u1_0.created_at,
        u1_0.email,
        u1_0.is_admin,
        u1_0.name,
        u1_0.password,
        u1_0.phone,
        u1_0.status,
        u1_0.updated_at,
        u1_0.username 
    from
        users u1_0 
    where
        u1_0.username=?
Hibernate: 
    insert 
    into
        users
        (avatar, created_at, email, is_admin, name, password, phone, status, updated_at, username, id) 
    values
        (?, ?, ?, ?, ?, ?, ?, ?, ?, ?, default)
2026-06-18T14:27:27.326+08:00  INFO 24088 --- [xiangmuguanli] [           main] c.xiangmuguanli.config.DataInitializer   : Default user created: user / admin123
]]></system-out>
  </testcase>
</testsuite>