<?xml version="1.0" encoding="UTF-8"?>
<testsuite xmlns:xsi="http://www.w3.org/2001/XMLSchema-instance" xsi:noNamespaceSchemaLocation="https://maven.apache.org/surefire/maven-surefire-plugin/xsd/surefire-test-report-3.0.xsd" version="3.0" name="com.xiangmuguanli.controller.TaskControllerTest" time="7.283" tests="2" errors="0" skipped="0" failures="0">
  <properties>
[...]
</properties>
  <testcase name="getTasksByProject_whenUserHasNoAccess_returnsForbidden" classname="com.xiangmuguanli.controller.TaskControllerTest" time="0.15">
    <system-out><![CDATA[11:38:40.983 [main] INFO org.springframework.test.context.support.AnnotationConfigContextLoaderUtils -- Could not detect default configuration classes for test class [com.xiangmuguanli.controller.TaskControllerTest]: TaskControllerTest does not declare any static, non-private, non-final, nested classes annotated with @Configuration.
11:38:41.097 [main] INFO org.springframework.boot.test.context.SpringBootTestContextBootstrapper -- Found @SpringBootConfiguration com.xiangmuguanli.XiangmuguanliApplication for test class com.xiangmuguanli.controller.TaskControllerTest

  .   ____          _            __ _ _
 /\\ / ___'_ __ _ _(_)_ __  __ _ \ \ \ \
( ( )\___ | '_ | '_| | '_ \/ _` | \ \ \ \
 \\/  ___)| |_)| | | | | || (_| |  ) ) ) )
  '  |____| .__|_| |_|_| |_\__, | / / / /
 =========|_|==============|___/=/_/_/_/
 :: Spring Boot ::                (v3.2.5)

2026-06-22T11:38:41.419+08:00  INFO 39340 --- [xiangmuguanli] [           main] c.x.controller.TaskControllerTest        : Starting TaskControllerTest using Java 17.0.19 with PID 39340 (started by Administrator in D:\AIcode\xiangmuguanli\backend-spring)
2026-06-22T11:38:41.419+08:00 DEBUG 39340 --- [xiangmuguanli] [           main] c.x.controller.TaskControllerTest        : Running with Spring Boot v3.2.5, Spring v6.1.6
2026-06-22T11:38:41.420+08:00  INFO 39340 --- [xiangmuguanli] [           main] c.x.controller.TaskControllerTest        : No active profile set, falling back to 1 default profile: "default"
2026-06-22T11:38:41.971+08:00  INFO 39340 --- [xiangmuguanli] [           main] .s.d.r.c.RepositoryConfigurationDelegate : Bootstrapping Spring Data JPA repositories in DEFAULT mode.
2026-06-22T11:38:42.061+08:00  INFO 39340 --- [xiangmuguanli] [           main] .s.d.r.c.RepositoryConfigurationDelegate : Finished Spring Data repository scanning in 84 ms. Found 19 JPA repository interfaces.
2026-06-22T11:38:43.648+08:00  INFO 39340 --- [xiangmuguanli] [           main] o.hibernate.jpa.internal.util.LogHelper  : HHH000204: Processing PersistenceUnitInfo [name: default]
2026-06-22T11:38:43.773+08:00  INFO 39340 --- [xiangmuguanli] [           main] org.hibernate.Version                    : HHH000412: Hibernate ORM core version 6.4.4.Final
2026-06-22T11:38:43.828+08:00  INFO 39340 --- [xiangmuguanli] [           main] o.h.c.internal.RegionFactoryInitiator    : HHH000026: Second-level cache disabled
2026-06-22T11:38:43.945+08:00  INFO 39340 --- [xiangmuguanli] [           main] o.s.o.j.p.SpringPersistenceUnitInfo      : No LoadTimeWeaver setup: ignoring JPA class transformer
2026-06-22T11:38:43.966+08:00  INFO 39340 --- [xiangmuguanli] [           main] com.zaxxer.hikari.HikariDataSource       : HikariPool-1 - Starting...
2026-06-22T11:38:44.153+08:00  INFO 39340 --- [xiangmuguanli] [           main] com.zaxxer.hikari.pool.HikariPool        : HikariPool-1 - Added connection com.mysql.cj.jdbc.ConnectionImpl@7744195
2026-06-22T11:38:44.156+08:00  INFO 39340 --- [xiangmuguanli] [           main] com.zaxxer.hikari.HikariDataSource       : HikariPool-1 - Start completed.
2026-06-22T11:38:44.190+08:00  WARN 39340 --- [xiangmuguanli] [           main] org.hibernate.orm.deprecation            : HHH90000025: MySQLDialect does not need to be specified explicitly using 'hibernate.dialect' (remove the property setting and it will be selected by default)
2026-06-22T11:38:45.289+08:00  INFO 39340 --- [xiangmuguanli] [           main] o.h.e.t.j.p.i.JtaPlatformInitiator       : HHH000489: No JTA platform available (set 'hibernate.transaction.jta.platform' to enable JTA platform integration)
2026-06-22T11:38:45.449+08:00  INFO 39340 --- [xiangmuguanli] [           main] j.LocalContainerEntityManagerFactoryBean : Initialized JPA EntityManagerFactory for persistence unit 'default'
2026-06-22T11:38:46.093+08:00  INFO 39340 --- [xiangmuguanli] [           main] o.s.d.j.r.query.QueryEnhancerFactory     : Hibernate is in classpath; If applicable, HQL parser will be used.
2026-06-22T11:38:46.958+08:00  WARN 39340 --- [xiangmuguanli] [           main] JpaBaseConfiguration$JpaWebConfiguration : spring.jpa.open-in-view is enabled by default. Therefore, database queries may be performed during view rendering. Explicitly configure spring.jpa.open-in-view to disable this warning
2026-06-22T11:38:47.290+08:00  INFO 39340 --- [xiangmuguanli] [           main] o.s.s.web.DefaultSecurityFilterChain     : Will secure any request with [org.springframework.security.web.session.DisableEncodeUrlFilter@64123c4d, org.springframework.security.web.context.request.async.WebAsyncManagerIntegrationFilter@14f03098, org.springframework.security.web.context.SecurityContextHolderFilter@aa24615, org.springframework.security.web.header.HeaderWriterFilter@1618b4fa, org.springframework.web.filter.CorsFilter@323b4e2a, org.springframework.security.web.authentication.logout.LogoutFilter@288c16a5, com.xiangmuguanli.security.JwtAuthenticationFilter@a05727b, org.springframework.security.web.savedrequest.RequestCacheAwareFilter@5095f89a, org.springframework.security.web.servletapi.SecurityContextHolderAwareRequestFilter@4770e50a, org.springframework.security.web.authentication.AnonymousAuthenticationFilter@494e502c, org.springframework.security.web.session.SessionManagementFilter@34a2e10c, org.springframework.security.web.access.ExceptionTranslationFilter@656ac24, org.springframework.security.web.access.intercept.AuthorizationFilter@faa592b]
2026-06-22T11:38:47.619+08:00 DEBUG 39340 --- [xiangmuguanli] [           main] c.x.security.JwtAuthenticationFilter     : Filter 'jwtAuthenticationFilter' configured for use
2026-06-22T11:38:47.620+08:00  INFO 39340 --- [xiangmuguanli] [           main] o.s.b.t.m.w.SpringBootMockServletContext : Initializing Spring TestDispatcherServlet ''
2026-06-22T11:38:47.620+08:00  INFO 39340 --- [xiangmuguanli] [           main] o.s.t.web.servlet.TestDispatcherServlet  : Initializing Servlet ''
2026-06-22T11:38:47.621+08:00  INFO 39340 --- [xiangmuguanli] [           main] o.s.t.web.servlet.TestDispatcherServlet  : Completed initialization in 1 ms
2026-06-22T11:38:47.635+08:00  INFO 39340 --- [xiangmuguanli] [           main] c.x.controller.TaskControllerTest        : Started TaskControllerTest in 6.442 seconds (process running for 7.177)
2026-06-22T11:38:47.712+08:00  INFO 39340 --- [xiangmuguanli] [           main] c.x.service.SystemConfigService          : Loaded DingTalk OAuth config from database: appId=, redirectUri=
2026-06-22T11:38:47.881+08:00  INFO 39340 --- [xiangmuguanli] [           main] c.xiangmuguanli.config.DataInitializer   : Admin user password reset: admin / admin123
2026-06-22T11:38:47.950+08:00  INFO 39340 --- [xiangmuguanli] [           main] c.xiangmuguanli.config.DataInitializer   : User password reset: user / admin123
]]></system-out>
  </testcase>
  <testcase name="getTasksByProject_whenUserHasAccess_returnsTasks" classname="com.xiangmuguanli.controller.TaskControllerTest" time="0.031"/>
</testsuite>